2026-01-23 12:04:19,676 [INFO] [34m============================== START PRODUCTION RUN ==============================[0m
2026-01-23 12:04:19,678 [INFO] [34m
STEP 1: Processing SDV_E2EML_M16_20251206_164633_0002_merged.mat[0m
2026-01-23 12:04:19,962 [INFO] Note: NumExpr detected 16 cores but "NUMEXPR_MAX_THREADS" not set, so enforcing safe limit of 8.
2026-01-23 12:04:19,962 [INFO] NumExpr defaulting to 8 threads.
2026-01-23 12:04:23,269 [WARNING] ldf is not supported
2026-01-23 12:04:23,311 [WARNING] xls is not supported
2026-01-23 12:04:25,729 [ERROR] ERROR: MATLAB type not supported: string, (uint32)
2026-01-23 12:04:26,776 [ERROR] ERROR: MATLAB type not supported: string, (uint32)
2026-01-23 12:04:27,767 [ERROR] ERROR: MATLAB type not supported: string, (uint32)
2026-01-23 12:04:28,765 [ERROR] ERROR: MATLAB type not supported: string, (uint32)
2026-01-23 12:04:29,789 [ERROR] ERROR: MATLAB type not supported: string, (uint32)
2026-01-23 12:04:34,165 [ERROR] ERROR: MATLAB type not supported: timetable, (uint32)
2026-01-23 12:04:35,387 [ERROR] ERROR: MATLAB type not supported: string, (uint32)
2026-01-23 12:04:35,803 [ERROR] ERROR: MATLAB type not supported: string, (uint32)
2026-01-23 12:04:35,804 [ERROR] ERROR: MATLAB type not supported: string, (uint32)
2026-01-23 12:04:35,854 [ERROR] ERROR: MATLAB type not supported: string, (uint32)
2026-01-23 12:04:35,860 [ERROR] ERROR: MATLAB type not supported: string, (uint32)
2026-01-23 12:04:35,862 [ERROR] ERROR: MATLAB type not supported: string, (uint32)
2026-01-23 12:04:36,635 [ERROR] ERROR: MATLAB type not supported: string, (uint32)
2026-01-23 12:04:38,936 [ERROR] ERROR: MATLAB type not supported: string, (uint32)
2026-01-23 12:04:39,218 [ERROR] ERROR: MATLAB type not supported: string, (uint32)
2026-01-23 12:04:39,313 [ERROR] ERROR: MATLAB type not supported: string, (uint32)
2026-01-23 12:04:39,409 [ERROR] ERROR: MATLAB type not supported: string, (uint32)
2026-01-23 12:04:39,697 [INFO] [32m[OUTPUT SAVED] C:\Users\thho0g\Downloads\TEST\EVENT-EXTRACTION\GPO_Data_Mining_Analysis\output\SDV_E2EML_M16_20251206_164633_0002_merged.json[0m
2026-01-23 12:04:39,697 [INFO] STEP 2: Matching to Nexus Log - Seeking 'SDV_E2EML_M16_20251206_164633_0002'
2026-01-23 12:04:40,647 [INFO] [32m   [FOUND] Match: 6939077e7aa1f5bc43bada2d | /mnt/data/m16-mach-e-airt/12062025/20251206/164633/SDV_E2EML_M16_20251206_164633_0002/20251206_164633/0002[0m
2026-01-23 12:04:40,648 [INFO]    [BOUNDS] Nexus Window: 2025-12-07T00:48:32.999Z to 2025-12-07T00:49:32.999Z
2026-01-23 12:04:40,648 [INFO] [36mSTEP 3: Verifying 2 events[0m
2026-01-23 12:04:40,648 [INFO] [34m
============================== FINAL SUMMARY REPORT ==============================[0m
2026-01-23 12:04:40,649 [INFO] Total Time:         0:00:20.971
2026-01-23 12:04:40,649 [INFO] Files Processed:    1
2026-01-23 12:04:40,649 [INFO] Events Extracted:   2
2026-01-23 12:04:40,650 [INFO] [32mEvents Uploaded:    0[0m
2026-01-23 12:04:40,650 [INFO] [33mEvents Out-of-Bound: 0[0m
2026-01-23 12:04:40,650 [INFO] [32mTotal Errors:       0[0m
2026-01-23 12:04:40,651 [INFO] Log file saved to:  C:\Users\thho0g\Downloads\TEST\EVENT-EXTRACTION\GPO_Data_Mining_Analysis\output\extraction_run_20260123_120419.log
2026-01-23 12:04:40,651 [INFO] [34m================================================================================[0m
