2026-01-23 15:47:29,535 [INFO] [34m============================== START PRODUCTION RUN ==============================[0m
2026-01-23 15:47:29,536 [INFO] [34m
STEP 1: Processing SDV_E2EML_M16_20251121_194142_0010_merged.mat[0m
2026-01-23 15:47:29,693 [INFO] NumExpr defaulting to 16 threads.
2026-01-23 15:47:34,356 [ERROR] ERROR: MATLAB type not supported: string, (uint32)
2026-01-23 15:47:35,467 [ERROR] ERROR: MATLAB type not supported: string, (uint32)
2026-01-23 15:47:36,673 [ERROR] ERROR: MATLAB type not supported: string, (uint32)
2026-01-23 15:47:38,155 [ERROR] ERROR: MATLAB type not supported: string, (uint32)
2026-01-23 15:47:39,604 [ERROR] ERROR: MATLAB type not supported: string, (uint32)
2026-01-23 15:47:46,893 [ERROR] ERROR: MATLAB type not supported: timetable, (uint32)
2026-01-23 15:47:48,384 [ERROR] ERROR: MATLAB type not supported: string, (uint32)
2026-01-23 15:47:48,920 [ERROR] ERROR: MATLAB type not supported: string, (uint32)
2026-01-23 15:47:48,920 [ERROR] ERROR: MATLAB type not supported: string, (uint32)
2026-01-23 15:47:48,981 [ERROR] ERROR: MATLAB type not supported: string, (uint32)
2026-01-23 15:47:48,982 [ERROR] ERROR: MATLAB type not supported: string, (uint32)
2026-01-23 15:47:49,954 [ERROR] ERROR: MATLAB type not supported: string, (uint32)
2026-01-23 15:47:50,073 [ERROR] ERROR: MATLAB type not supported: string, (uint32)
2026-01-23 15:47:50,211 [ERROR] ERROR: MATLAB type not supported: string, (uint32)
2026-01-23 15:47:50,767 [INFO] [32m[OUTPUT SAVED] C:\Users\thho0g\Downloads\TEST\EVENT-EXTRACTION\GPO_Data_Mining_Analysis\output\SDV_E2EML_M16_20251121_194142_0010_merged.json[0m
2026-01-23 15:47:50,767 [INFO] STEP 2: Matching to Nexus Log - Seeking 'SDV_E2EML_M16_20251121_194142_0010'
2026-01-23 15:47:51,796 [INFO] [32m   [FOUND] Match: 692625d95c02916158f5b257 | /mnt/data/m16-mach-e/11212025/194142/SDV_E2EML_M16_20251121_194142_0010/20251121_194142/0010[0m
2026-01-23 15:47:51,797 [INFO]    [BOUNDS] Nexus Window: 2025-11-22T03:51:41.983Z to 2025-11-22T03:52:41.999Z
2026-01-23 15:47:51,797 [INFO] [36mSTEP 3: Verifying 2 events[0m
2026-01-23 15:47:51,797 [INFO] 
   Checking Event: [33mDMA_LEFT_TURN[0m
2026-01-23 15:47:51,798 [INFO]       Script Start: 2025-11-22T03:51:42.001Z
2026-01-23 15:47:51,798 [INFO]       Script End:   2025-11-22T03:52:41.993Z
2026-01-23 15:47:51,798 [INFO] [32m      [IN BOUNDS] Verification successful.[0m
2026-01-23 15:47:52,464 [INFO] [32m      [SUCCESS] Event created.[0m
2026-01-23 15:47:52,465 [INFO] [34m
============================== FINAL SUMMARY REPORT ==============================[0m
2026-01-23 15:47:52,465 [INFO] Total Time:         0:00:22.930
2026-01-23 15:47:52,465 [INFO] Files Processed:    1
2026-01-23 15:47:52,466 [INFO] Events Extracted:   2
2026-01-23 15:47:52,466 [INFO] [32mEvents Uploaded:    1[0m
2026-01-23 15:47:52,466 [INFO] [33mEvents Out-of-Bound: 0[0m
2026-01-23 15:47:52,466 [INFO] [32mTotal Errors:       0[0m
2026-01-23 15:47:52,466 [INFO] Log file saved to:  C:\Users\thho0g\Downloads\TEST\EVENT-EXTRACTION\GPO_Data_Mining_Analysis\output\extraction_run_20260123_154728.log
2026-01-23 15:47:52,467 [INFO] [34m================================================================================[0m
