2026-01-23 12:13:58,567 [INFO] [34m============================== START PRODUCTION RUN ==============================[0m
2026-01-23 12:13:58,568 [INFO] [34m
STEP 1: Processing SDV_E2EML_M16_20251121_194142_0010_merged.mat[0m
2026-01-23 12:13:58,789 [INFO] Note: NumExpr detected 16 cores but "NUMEXPR_MAX_THREADS" not set, so enforcing safe limit of 8.
2026-01-23 12:13:58,790 [INFO] NumExpr defaulting to 8 threads.
2026-01-23 12:14:01,468 [WARNING] ldf is not supported
2026-01-23 12:14:01,508 [WARNING] xls is not supported
2026-01-23 12:14:03,844 [ERROR] ERROR: MATLAB type not supported: string, (uint32)
2026-01-23 12:14:04,901 [ERROR] ERROR: MATLAB type not supported: string, (uint32)
2026-01-23 12:14:06,023 [ERROR] ERROR: MATLAB type not supported: string, (uint32)
2026-01-23 12:14:07,154 [ERROR] ERROR: MATLAB type not supported: string, (uint32)
2026-01-23 12:14:08,336 [ERROR] ERROR: MATLAB type not supported: string, (uint32)
2026-01-23 12:14:15,139 [ERROR] ERROR: MATLAB type not supported: timetable, (uint32)
2026-01-23 12:14:16,617 [ERROR] ERROR: MATLAB type not supported: string, (uint32)
2026-01-23 12:14:17,159 [ERROR] ERROR: MATLAB type not supported: string, (uint32)
2026-01-23 12:14:17,160 [ERROR] ERROR: MATLAB type not supported: string, (uint32)
2026-01-23 12:14:17,214 [ERROR] ERROR: MATLAB type not supported: string, (uint32)
2026-01-23 12:14:17,215 [ERROR] ERROR: MATLAB type not supported: string, (uint32)
2026-01-23 12:14:18,187 [ERROR] ERROR: MATLAB type not supported: string, (uint32)
2026-01-23 12:14:18,290 [ERROR] ERROR: MATLAB type not supported: string, (uint32)
2026-01-23 12:14:18,405 [ERROR] ERROR: MATLAB type not supported: string, (uint32)
2026-01-23 12:14:18,733 [INFO] [32m[OUTPUT SAVED] C:\Users\thho0g\Downloads\TEST\EVENT-EXTRACTION\GPO_Data_Mining_Analysis\output\SDV_E2EML_M16_20251121_194142_0010_merged.json[0m
2026-01-23 12:14:18,733 [INFO] STEP 2: Matching to Nexus Log - Seeking 'SDV_E2EML_M16_20251121_194142_0010'
2026-01-23 12:14:19,848 [INFO] [32m   [FOUND] Match: 692625d95c02916158f5b257 | /mnt/data/m16-mach-e/11212025/194142/SDV_E2EML_M16_20251121_194142_0010/20251121_194142/0010[0m
2026-01-23 12:14:19,848 [INFO]    [BOUNDS] Nexus Window: 2025-11-22T03:51:41.983Z to 2025-11-22T03:52:41.999Z
2026-01-23 12:14:19,849 [INFO] [36mSTEP 3: Verifying 2 events[0m
2026-01-23 12:14:19,849 [INFO] 
   Checking Event: [33mDMA_LEFT_TURN[0m
2026-01-23 12:14:19,849 [INFO]       Script Start: 2025-11-22T03:51:42.001Z
2026-01-23 12:14:19,849 [INFO]       Script End:   2025-11-22T03:52:41.993Z
2026-01-23 12:14:19,850 [INFO] [32m      [IN BOUNDS] Verification successful.[0m
2026-01-23 12:14:20,642 [ERROR] {"errors":{"algorithm":{"name":"ValidatorError","message":"EventEmitterType set to algorithm, but no algorithm was set","properties":{"path":"algorithm","message":"EventEmitterType set to algorithm, but no algorithm was set","type":"user defined"},"kind":"user defined","path":"algorithm"}},"_message":"Event validation failed","name":"ValidationError","message":"Event validation failed: algorithm: EventEmitterType set to algorithm, but no algorithm was set"}
2026-01-23 12:14:20,643 [ERROR]       [FAILURE] Upload error: 400 Client Error: Bad Request for url: https://nexus.aptiv.com/api/events
ValidationError: Event validation failed: algorithm: EventEmitterType set to algorithm, but no algorithm was set
2026-01-23 12:14:20,643 [INFO] [34m
============================== FINAL SUMMARY REPORT ==============================[0m
2026-01-23 12:14:20,643 [INFO] Total Time:         0:00:22.076
2026-01-23 12:14:20,643 [INFO] Files Processed:    1
2026-01-23 12:14:20,644 [INFO] Events Extracted:   2
2026-01-23 12:14:20,644 [INFO] [32mEvents Uploaded:    0[0m
2026-01-23 12:14:20,644 [INFO] [33mEvents Out-of-Bound: 0[0m
2026-01-23 12:14:20,644 [INFO] [31mTotal Errors:       1[0m
2026-01-23 12:14:20,644 [INFO] Log file saved to:  C:\Users\thho0g\Downloads\TEST\EVENT-EXTRACTION\GPO_Data_Mining_Analysis\output\extraction_run_20260123_121357.log
2026-01-23 12:14:20,645 [INFO] [34m================================================================================[0m
