2026-01-23 12:01:35,745 [INFO] [34m============================== START PRODUCTION RUN ==============================[0m
2026-01-23 12:01:35,746 [INFO] [34m
STEP 1: Processing SDV_E2EML_M16_20251206_164633_0002_merged.mat[0m
2026-01-23 12:01:35,960 [INFO] Note: NumExpr detected 16 cores but "NUMEXPR_MAX_THREADS" not set, so enforcing safe limit of 8.
2026-01-23 12:01:35,961 [INFO] NumExpr defaulting to 8 threads.
2026-01-23 12:01:38,561 [WARNING] ldf is not supported
2026-01-23 12:01:38,606 [WARNING] xls is not supported
2026-01-23 12:01:40,913 [ERROR] ERROR: MATLAB type not supported: string, (uint32)
2026-01-23 12:01:41,903 [ERROR] ERROR: MATLAB type not supported: string, (uint32)
2026-01-23 12:01:42,835 [ERROR] ERROR: MATLAB type not supported: string, (uint32)
2026-01-23 12:01:43,799 [ERROR] ERROR: MATLAB type not supported: string, (uint32)
2026-01-23 12:01:44,817 [ERROR] ERROR: MATLAB type not supported: string, (uint32)
2026-01-23 12:01:48,979 [ERROR] ERROR: MATLAB type not supported: timetable, (uint32)
2026-01-23 12:01:50,180 [ERROR] ERROR: MATLAB type not supported: string, (uint32)
2026-01-23 12:01:50,611 [ERROR] ERROR: MATLAB type not supported: string, (uint32)
2026-01-23 12:01:50,612 [ERROR] ERROR: MATLAB type not supported: string, (uint32)
2026-01-23 12:01:50,663 [ERROR] ERROR: MATLAB type not supported: string, (uint32)
2026-01-23 12:01:50,670 [ERROR] ERROR: MATLAB type not supported: string, (uint32)
2026-01-23 12:01:50,671 [ERROR] ERROR: MATLAB type not supported: string, (uint32)
2026-01-23 12:01:51,492 [ERROR] ERROR: MATLAB type not supported: string, (uint32)
2026-01-23 12:01:54,039 [ERROR] ERROR: MATLAB type not supported: string, (uint32)
2026-01-23 12:01:54,332 [ERROR] ERROR: MATLAB type not supported: string, (uint32)
2026-01-23 12:01:54,428 [ERROR] ERROR: MATLAB type not supported: string, (uint32)
2026-01-23 12:01:54,523 [ERROR] ERROR: MATLAB type not supported: string, (uint32)
2026-01-23 12:01:54,823 [INFO] [32m[OUTPUT SAVED] C:\Users\thho0g\Downloads\TEST\EVENT-EXTRACTION\GPO_Data_Mining_Analysis\output\SDV_E2EML_M16_20251206_164633_0002_merged.json[0m
2026-01-23 12:01:54,824 [INFO] STEP 2: Matching to Nexus Log - Seeking 'SDV_E2EML_M16_20251206_164633_0002'
2026-01-23 12:01:55,780 [INFO] [32m  [FOUND] Match: 6939077e7aa1f5bc43bada2d | /mnt/data/m16-mach-e-airt/12062025/20251206/164633/SDV_E2EML_M16_20251206_164633_0002/20251206_164633/0002[0m
2026-01-23 12:01:55,780 [INFO]   [BOUNDS] Nexus Window: 2025-12-07T00:48:32.999Z to 2025-12-07T00:49:32.999Z
2026-01-23 12:01:55,781 [INFO] [36mSTEP 3: Verifying 2 events[0m
2026-01-23 12:01:55,781 [INFO] [34m
============================== FINAL SUMMARY REPORT ==============================[0m
2026-01-23 12:01:55,781 [INFO] Total Time:         0:00:20.036
2026-01-23 12:01:55,781 [INFO] Files Processed:    1
2026-01-23 12:01:55,782 [INFO] Events Extracted:   2
2026-01-23 12:01:55,782 [INFO] [32mEvents Uploaded:    0[0m
2026-01-23 12:01:55,782 [INFO] [33mEvents Out-of-Bound: 0[0m
2026-01-23 12:01:55,782 [INFO] [32mTotal Errors:       0[0m
2026-01-23 12:01:55,783 [INFO] Log file saved to:  C:\Users\thho0g\Downloads\TEST\EVENT-EXTRACTION\GPO_Data_Mining_Analysis\output\extraction_run_20260123_120135.log
2026-01-23 12:01:55,783 [INFO] [34m================================================================================[0m
