2026-01-22 14:40:57,123 [INFO] [34m============================== START PRODUCTION RUN ==============================[0m
2026-01-22 14:40:57,125 [INFO] [34mSTEP 1: Processing SDV_E2EML_M16_20251206_165323_0000_merged.mat[0m
2026-01-22 14:40:57,523 [INFO] Note: NumExpr detected 16 cores but "NUMEXPR_MAX_THREADS" not set, so enforcing safe limit of 8.
2026-01-22 14:40:57,523 [INFO] NumExpr defaulting to 8 threads.
2026-01-22 14:41:02,524 [WARNING] ldf is not supported
2026-01-22 14:41:02,615 [WARNING] xls is not supported
2026-01-22 14:41:06,830 [ERROR] ERROR: MATLAB type not supported: string, (uint32)
2026-01-22 14:41:08,463 [ERROR] ERROR: MATLAB type not supported: string, (uint32)
2026-01-22 14:41:10,404 [ERROR] ERROR: MATLAB type not supported: string, (uint32)
2026-01-22 14:41:12,183 [ERROR] ERROR: MATLAB type not supported: string, (uint32)
2026-01-22 14:41:13,882 [ERROR] ERROR: MATLAB type not supported: string, (uint32)
2026-01-22 14:41:21,156 [ERROR] ERROR: MATLAB type not supported: timetable, (uint32)
2026-01-22 14:41:23,178 [ERROR] ERROR: MATLAB type not supported: string, (uint32)
2026-01-22 14:41:23,885 [ERROR] ERROR: MATLAB type not supported: string, (uint32)
2026-01-22 14:41:23,886 [ERROR] ERROR: MATLAB type not supported: string, (uint32)
2026-01-22 14:41:23,990 [ERROR] ERROR: MATLAB type not supported: string, (uint32)
2026-01-22 14:41:24,001 [ERROR] ERROR: MATLAB type not supported: string, (uint32)
2026-01-22 14:41:24,004 [ERROR] ERROR: MATLAB type not supported: string, (uint32)
2026-01-22 14:41:25,252 [ERROR] ERROR: MATLAB type not supported: string, (uint32)
2026-01-22 14:41:28,535 [ERROR] ERROR: MATLAB type not supported: string, (uint32)
2026-01-22 14:41:29,055 [ERROR] ERROR: MATLAB type not supported: string, (uint32)
2026-01-22 14:41:29,211 [ERROR] ERROR: MATLAB type not supported: string, (uint32)
2026-01-22 14:41:29,374 [ERROR] ERROR: MATLAB type not supported: string, (uint32)
2026-01-22 14:41:29,840 [INFO] STEP 2: Matching to Nexus Log - Seeking 'SDV_E2EML_M16_20251206_165323_0000'
2026-01-22 14:41:31,321 [INFO] [32m  [FOUND] Match: 69389eef8bfb76983a757be1 | /mnt/data/m16-mach-e-airt/12062025/165323/SDV_E2EML_M16_20251206_165323_0000/20251206_165323/0000[0m
2026-01-22 14:41:31,321 [INFO]   [BOUNDS] Nexus Start: 2025-12-07T00:53:22.999Z | End: 2025-12-07T00:54:22.999Z
2026-01-22 14:41:31,322 [INFO] [36mSTEP 3: Verifying 4 extracted events[0m
2026-01-22 14:41:32,406 [INFO] [32m  [SUCCESS] Uploaded DMA_LEFT_TURN[0m
2026-01-22 14:41:32,406 [INFO] [34m
============================== FINAL SUMMARY REPORT ==============================[0m
2026-01-22 14:41:32,407 [INFO] Total Time:         0:00:35.283
2026-01-22 14:41:32,407 [INFO] Files Processed:    1
2026-01-22 14:41:32,408 [INFO] Events Extracted:   4
2026-01-22 14:41:32,408 [INFO] [32mEvents Uploaded:    1[0m
2026-01-22 14:41:32,409 [INFO] [33mEvents Out-of-Bound: 0[0m
2026-01-22 14:41:32,409 [INFO] [32mTotal Errors:       0[0m
2026-01-22 14:41:32,410 [INFO] Log file saved to:  C:\Users\thho0g\Downloads\TEST\EVENT-EXTRACTION\GPO_Data_Mining_Analysis\output\extraction_run_20260122_144056.log
2026-01-22 14:41:32,410 [INFO] [34m================================================================================[0m
