2026-01-22 14:39:44,944 [INFO] [34m============================== START PRODUCTION RUN ==============================[0m
2026-01-22 14:39:44,946 [INFO] [34mSTEP 1: Processing SDV_E2EML_M16_20251206_165323_0000_merged.mat[0m
2026-01-22 14:39:45,350 [INFO] Note: NumExpr detected 16 cores but "NUMEXPR_MAX_THREADS" not set, so enforcing safe limit of 8.
2026-01-22 14:39:45,351 [INFO] NumExpr defaulting to 8 threads.
2026-01-22 14:39:49,992 [WARNING] ldf is not supported
2026-01-22 14:39:50,056 [WARNING] xls is not supported
2026-01-22 14:39:54,226 [ERROR] ERROR: MATLAB type not supported: string, (uint32)
2026-01-22 14:39:55,889 [ERROR] ERROR: MATLAB type not supported: string, (uint32)
2026-01-22 14:39:57,700 [ERROR] ERROR: MATLAB type not supported: string, (uint32)
2026-01-22 14:39:59,319 [ERROR] ERROR: MATLAB type not supported: string, (uint32)
2026-01-22 14:40:01,070 [ERROR] ERROR: MATLAB type not supported: string, (uint32)
2026-01-22 14:40:08,866 [ERROR] ERROR: MATLAB type not supported: timetable, (uint32)
2026-01-22 14:40:11,295 [ERROR] ERROR: MATLAB type not supported: string, (uint32)
2026-01-22 14:40:12,167 [ERROR] ERROR: MATLAB type not supported: string, (uint32)
2026-01-22 14:40:12,169 [ERROR] ERROR: MATLAB type not supported: string, (uint32)
2026-01-22 14:40:12,277 [ERROR] ERROR: MATLAB type not supported: string, (uint32)
2026-01-22 14:40:12,293 [ERROR] ERROR: MATLAB type not supported: string, (uint32)
2026-01-22 14:40:12,295 [ERROR] ERROR: MATLAB type not supported: string, (uint32)
2026-01-22 14:40:13,768 [ERROR] ERROR: MATLAB type not supported: string, (uint32)
2026-01-22 14:40:17,140 [ERROR] ERROR: MATLAB type not supported: string, (uint32)
2026-01-22 14:40:17,564 [ERROR] ERROR: MATLAB type not supported: string, (uint32)
2026-01-22 14:40:17,715 [ERROR] ERROR: MATLAB type not supported: string, (uint32)
2026-01-22 14:40:17,904 [ERROR] ERROR: MATLAB type not supported: string, (uint32)
2026-01-22 14:40:18,437 [INFO] STEP 2: Matching to Nexus Log - Seeking 'SDV_E2EML_M16_20251206_165323_0000'
2026-01-22 14:40:19,880 [INFO] [32m  [FOUND] Match: 69389eef8bfb76983a757be1 | /mnt/data/m16-mach-e-airt/12062025/165323/SDV_E2EML_M16_20251206_165323_0000/20251206_165323/0000[0m
2026-01-22 14:40:19,881 [INFO]   [BOUNDS] Nexus Start: 2025-12-07T00:53:22.999Z | End: 2025-12-07T00:54:22.999Z
2026-01-22 14:40:19,881 [INFO] [36mSTEP 3: Verifying 4 extracted events[0m
2026-01-22 14:40:20,791 [INFO] [32m  [SUCCESS] Uploaded DMA_LEFT_TURN[0m
2026-01-22 14:40:20,792 [INFO] [34m
============================== FINAL SUMMARY REPORT ==============================[0m
2026-01-22 14:40:20,793 [INFO] Total Time:         0:00:35.848
2026-01-22 14:40:20,793 [INFO] Files Processed:    1
2026-01-22 14:40:20,794 [INFO] Events Extracted:   4
2026-01-22 14:40:20,794 [INFO] [32mEvents Uploaded:    1[0m
2026-01-22 14:40:20,795 [INFO] [33mEvents Out-of-Bound: 0[0m
2026-01-22 14:40:20,795 [INFO] [32mTotal Errors:       0[0m
2026-01-22 14:40:20,795 [INFO] Log file saved to:  C:\Users\thho0g\Downloads\TEST\EVENT-EXTRACTION\GPO_Data_Mining_Analysis\output\extraction_run_20260122_143943.log
2026-01-22 14:40:20,796 [INFO] [34m================================================================================[0m
